2017-05-15 16:13:49 [127.0.0.1][-][-][error][yii\base\ErrorException:64] yii\base\ErrorException: yii\BaseYii::main(): Failed opening required 'vendor/.composer/autoload.php' (include_path='.;c:/openserver/modules/php/PHP-7;c:/openserver/modules/php/PHP-7/PEAR/pear') in C:\OpenServer\domains\socialNetworkAPI\controllers\SiteController.php:4
Stack trace:
#0 [internal function]: yii\base\ErrorHandler->handleFatalError()
#1 {main}
2017-05-15 16:12:52 [127.0.0.1][-][-][info][application] $_COOKIE = [
    '_csrf' => '0332bd2d112ce438aed2b924f09e165ad469b96d514433785a8d5285b59fc84fa:2:{i:0;s:5:\"_csrf\";i:1;s:32:\"eqfN-XzyEzLMpb8JcHPwN34XNkPDbPvI\";}'
]

$_SERVER = [
    'HTTP_HOST' => 'socialnetworkapi'
    'HTTP_CONNECTION' => 'keep-alive'
    'HTTP_UPGRADE_INSECURE_REQUESTS' => '1'
    'HTTP_USER_AGENT' => 'Mozilla/5.0 (Windows NT 6.3; Win64; x64) AppleWebKit/537.36 (KHTML, like Gecko) Chrome/57.0.2987.133 Safari/537.36'
    'HTTP_ACCEPT' => 'text/html,application/xhtml+xml,application/xml;q=0.9,image/webp,*/*;q=0.8'
    'HTTP_REFERER' => 'http://socialnetworkapi/'
    'HTTP_ACCEPT_ENCODING' => 'gzip, deflate, sdch'
    'HTTP_ACCEPT_LANGUAGE' => 'ru-RU,ru;q=0.8,en-US;q=0.6,en;q=0.4'
    'HTTP_COOKIE' => '_csrf=0332bd2d112ce438aed2b924f09e165ad469b96d514433785a8d5285b59fc84fa%3A2%3A%7Bi%3A0%3Bs%3A5%3A%22_csrf%22%3Bi%3A1%3Bs%3A32%3A%22eqfN-XzyEzLMpb8JcHPwN34XNkPDbPvI%22%3B%7D'
    'PATH' => 'c:\\openserver\\modules\\php\\PHP-7\\ext;c:\\openserver\\modules\\php\\PHP-7\\pear;c:\\openserver\\modules\\php\\PHP-7\\pear\\bin;c:\\openserver\\modules\\php\\PHP-7;c:\\openserver\\modules\\wget\\bin;c:\\openserver\\modules\\database\\MySQL-5.5\\bin;c:\\openserver\\modules\\http\\Apache-PHP-7\\bin;c:\\openserver\\modules\\http\\Apache-PHP-7;C:\\WINDOWS\\system32;C:\\WINDOWS;C:\\WINDOWS\\system32\\Wbem;C:\\WINDOWS\\SysWOW64;C:\\ProgramData\\Oracle\\Java\\javapath;C:\\Program Files (x86)\\Lenovo\\FusionEngine;C:\\Program Files (x86)\\Intel\\iCLS Client\\;C:\\Program Files\\Intel\\iCLS Client\\;C:\\WINDOWS\\system32;C:\\WINDOWS;C:\\WINDOWS\\System32\\Wbem;C:\\WINDOWS\\System32\\WindowsPowerShell\\v1.0\\;C:\\Program Files\\Intel\\Intel(R) Management Engine Components\\DAL;C:\\Program Files\\Intel\\Intel(R) Management Engine Components\\IPT;C:\\Program Files (x86)\\Intel\\Intel(R) Management Engine Components\\DAL;C:\\Program Files (x86)\\Intel\\Intel(R) Management Engine Components\\IPT;C:\\Program Files (x86)\\Common Files\\lenovo\\easyplussdk\\bin;C:\\OpenServer\\modules\\php\\PHP-7-x64;C:\\ProgramData\\ComposerSetup\\bin;C:\\Program Files (x86)\\Skype\\Phone\\;C:\\Program Files\\Git\\cmd;C:\\Users\\Айнур\\AppData\\Roaming\\Composer\\vendor\\bin;C:\\Program Files\\Git\\bin'
    'SystemRoot' => 'C:\\WINDOWS'
    'COMSPEC' => 'C:\\WINDOWS\\system32\\cmd.exe'
    'PATHEXT' => '.COM;.EXE;.BAT;.CMD;.VBS;.VBE;.JS;.JSE;.WSF;.WSH;.MSC'
    'WINDIR' => 'C:\\WINDOWS'
    'SERVER_SIGNATURE' => ''
    'SERVER_SOFTWARE' => 'Apache'
    'SERVER_NAME' => 'socialnetworkapi'
    'SERVER_ADDR' => '127.0.0.1'
    'SERVER_PORT' => '80'
    'REMOTE_ADDR' => '127.0.0.1'
    'DOCUMENT_ROOT' => 'C:/OpenServer/domains/socialNetworkAPI'
    'REQUEST_SCHEME' => 'http'
    'CONTEXT_PREFIX' => ''
    'CONTEXT_DOCUMENT_ROOT' => 'C:/OpenServer/domains/socialNetworkAPI'
    'SERVER_ADMIN' => '[no address given]'
    'SCRIPT_FILENAME' => 'C:/OpenServer/domains/socialNetworkAPI/web/index.php'
    'REMOTE_PORT' => '10834'
    'GATEWAY_INTERFACE' => 'CGI/1.1'
    'SERVER_PROTOCOL' => 'HTTP/1.1'
    'REQUEST_METHOD' => 'GET'
    'QUERY_STRING' => ''
    'REQUEST_URI' => '/web/'
    'SCRIPT_NAME' => '/web/index.php'
    'PHP_SELF' => '/web/index.php'
    'REQUEST_TIME_FLOAT' => 1494853970.03
    'REQUEST_TIME' => 1494853970
    'argv' => []
    'argc' => 0
]
2017-05-15 16:15:21 [127.0.0.1][-][-][error][Error] Error: Class 'app\controllers\Facebook' not found in C:\OpenServer\domains\socialNetworkAPI\controllers\SiteController.php:64
Stack trace:
#0 [internal function]: app\controllers\SiteController->actionIndex()
#1 C:\OpenServer\domains\socialNetworkAPI\vendor\yiisoft\yii2\base\InlineAction.php(57): call_user_func_array(Array, Array)
#2 C:\OpenServer\domains\socialNetworkAPI\vendor\yiisoft\yii2\base\Controller.php(156): yii\base\InlineAction->runWithParams(Array)
#3 C:\OpenServer\domains\socialNetworkAPI\vendor\yiisoft\yii2\base\Module.php(523): yii\base\Controller->runAction('', Array)
#4 C:\OpenServer\domains\socialNetworkAPI\vendor\yiisoft\yii2\web\Application.php(102): yii\base\Module->runAction('', Array)
#5 C:\OpenServer\domains\socialNetworkAPI\vendor\yiisoft\yii2\base\Application.php(380): yii\web\Application->handleRequest(Object(yii\web\Request))
#6 C:\OpenServer\domains\socialNetworkAPI\web\index.php(12): yii\base\Application->run()
#7 {main}
2017-05-15 16:15:16 [127.0.0.1][-][-][info][application] $_COOKIE = [
    '_csrf' => '0332bd2d112ce438aed2b924f09e165ad469b96d514433785a8d5285b59fc84fa:2:{i:0;s:5:\"_csrf\";i:1;s:32:\"eqfN-XzyEzLMpb8JcHPwN34XNkPDbPvI\";}'
]

$_SERVER = [
    'HTTP_HOST' => 'socialnetworkapi'
    'HTTP_CONNECTION' => 'keep-alive'
    'HTTP_CACHE_CONTROL' => 'max-age=0'
    'HTTP_UPGRADE_INSECURE_REQUESTS' => '1'
    'HTTP_USER_AGENT' => 'Mozilla/5.0 (Windows NT 6.3; Win64; x64) AppleWebKit/537.36 (KHTML, like Gecko) Chrome/57.0.2987.133 Safari/537.36'
    'HTTP_ACCEPT' => 'text/html,application/xhtml+xml,application/xml;q=0.9,image/webp,*/*;q=0.8'
    'HTTP_REFERER' => 'http://socialnetworkapi/'
    'HTTP_ACCEPT_ENCODING' => 'gzip, deflate, sdch'
    'HTTP_ACCEPT_LANGUAGE' => 'ru-RU,ru;q=0.8,en-US;q=0.6,en;q=0.4'
    'HTTP_COOKIE' => '_csrf=0332bd2d112ce438aed2b924f09e165ad469b96d514433785a8d5285b59fc84fa%3A2%3A%7Bi%3A0%3Bs%3A5%3A%22_csrf%22%3Bi%3A1%3Bs%3A32%3A%22eqfN-XzyEzLMpb8JcHPwN34XNkPDbPvI%22%3B%7D'
    'PATH' => 'c:\\openserver\\modules\\php\\PHP-7\\ext;c:\\openserver\\modules\\php\\PHP-7\\pear;c:\\openserver\\modules\\php\\PHP-7\\pear\\bin;c:\\openserver\\modules\\php\\PHP-7;c:\\openserver\\modules\\wget\\bin;c:\\openserver\\modules\\database\\MySQL-5.5\\bin;c:\\openserver\\modules\\http\\Apache-PHP-7\\bin;c:\\openserver\\modules\\http\\Apache-PHP-7;C:\\WINDOWS\\system32;C:\\WINDOWS;C:\\WINDOWS\\system32\\Wbem;C:\\WINDOWS\\SysWOW64;C:\\ProgramData\\Oracle\\Java\\javapath;C:\\Program Files (x86)\\Lenovo\\FusionEngine;C:\\Program Files (x86)\\Intel\\iCLS Client\\;C:\\Program Files\\Intel\\iCLS Client\\;C:\\WINDOWS\\system32;C:\\WINDOWS;C:\\WINDOWS\\System32\\Wbem;C:\\WINDOWS\\System32\\WindowsPowerShell\\v1.0\\;C:\\Program Files\\Intel\\Intel(R) Management Engine Components\\DAL;C:\\Program Files\\Intel\\Intel(R) Management Engine Components\\IPT;C:\\Program Files (x86)\\Intel\\Intel(R) Management Engine Components\\DAL;C:\\Program Files (x86)\\Intel\\Intel(R) Management Engine Components\\IPT;C:\\Program Files (x86)\\Common Files\\lenovo\\easyplussdk\\bin;C:\\OpenServer\\modules\\php\\PHP-7-x64;C:\\ProgramData\\ComposerSetup\\bin;C:\\Program Files (x86)\\Skype\\Phone\\;C:\\Program Files\\Git\\cmd;C:\\Users\\Айнур\\AppData\\Roaming\\Composer\\vendor\\bin;C:\\Program Files\\Git\\bin'
    'SystemRoot' => 'C:\\WINDOWS'
    'COMSPEC' => 'C:\\WINDOWS\\system32\\cmd.exe'
    'PATHEXT' => '.COM;.EXE;.BAT;.CMD;.VBS;.VBE;.JS;.JSE;.WSF;.WSH;.MSC'
    'WINDIR' => 'C:\\WINDOWS'
    'SERVER_SIGNATURE' => ''
    'SERVER_SOFTWARE' => 'Apache'
    'SERVER_NAME' => 'socialnetworkapi'
    'SERVER_ADDR' => '127.0.0.1'
    'SERVER_PORT' => '80'
    'REMOTE_ADDR' => '127.0.0.1'
    'DOCUMENT_ROOT' => 'C:/OpenServer/domains/socialNetworkAPI'
    'REQUEST_SCHEME' => 'http'
    'CONTEXT_PREFIX' => ''
    'CONTEXT_DOCUMENT_ROOT' => 'C:/OpenServer/domains/socialNetworkAPI'
    'SERVER_ADMIN' => '[no address given]'
    'SCRIPT_FILENAME' => 'C:/OpenServer/domains/socialNetworkAPI/web/index.php'
    'REMOTE_PORT' => '10931'
    'GATEWAY_INTERFACE' => 'CGI/1.1'
    'SERVER_PROTOCOL' => 'HTTP/1.1'
    'REQUEST_METHOD' => 'GET'
    'QUERY_STRING' => ''
    'REQUEST_URI' => '/web/'
    'SCRIPT_NAME' => '/web/index.php'
    'PHP_SELF' => '/web/index.php'
    'REQUEST_TIME_FLOAT' => 1494854115.706
    'REQUEST_TIME' => 1494854115
    'argv' => []
    'argc' => 0
]
2017-05-15 16:17:18 [127.0.0.1][-][-][error][Error] Error: Class 'app\controllers\Facebook' not found in C:\OpenServer\domains\socialNetworkAPI\controllers\SiteController.php:64
Stack trace:
#0 [internal function]: app\controllers\SiteController->actionIndex()
#1 C:\OpenServer\domains\socialNetworkAPI\vendor\yiisoft\yii2\base\InlineAction.php(57): call_user_func_array(Array, Array)
#2 C:\OpenServer\domains\socialNetworkAPI\vendor\yiisoft\yii2\base\Controller.php(156): yii\base\InlineAction->runWithParams(Array)
#3 C:\OpenServer\domains\socialNetworkAPI\vendor\yiisoft\yii2\base\Module.php(523): yii\base\Controller->runAction('', Array)
#4 C:\OpenServer\domains\socialNetworkAPI\vendor\yiisoft\yii2\web\Application.php(102): yii\base\Module->runAction('', Array)
#5 C:\OpenServer\domains\socialNetworkAPI\vendor\yiisoft\yii2\base\Application.php(380): yii\web\Application->handleRequest(Object(yii\web\Request))
#6 C:\OpenServer\domains\socialNetworkAPI\web\index.php(12): yii\base\Application->run()
#7 {main}
2017-05-15 16:17:18 [127.0.0.1][-][-][info][application] $_COOKIE = [
    '_csrf' => '0332bd2d112ce438aed2b924f09e165ad469b96d514433785a8d5285b59fc84fa:2:{i:0;s:5:\"_csrf\";i:1;s:32:\"eqfN-XzyEzLMpb8JcHPwN34XNkPDbPvI\";}'
]

$_SERVER = [
    'HTTP_HOST' => 'socialnetworkapi'
    'HTTP_CONNECTION' => 'keep-alive'
    'HTTP_CACHE_CONTROL' => 'max-age=0'
    'HTTP_UPGRADE_INSECURE_REQUESTS' => '1'
    'HTTP_USER_AGENT' => 'Mozilla/5.0 (Windows NT 6.3; Win64; x64) AppleWebKit/537.36 (KHTML, like Gecko) Chrome/57.0.2987.133 Safari/537.36'
    'HTTP_ACCEPT' => 'text/html,application/xhtml+xml,application/xml;q=0.9,image/webp,*/*;q=0.8'
    'HTTP_REFERER' => 'http://socialnetworkapi/'
    'HTTP_ACCEPT_ENCODING' => 'gzip, deflate, sdch'
    'HTTP_ACCEPT_LANGUAGE' => 'ru-RU,ru;q=0.8,en-US;q=0.6,en;q=0.4'
    'HTTP_COOKIE' => '_csrf=0332bd2d112ce438aed2b924f09e165ad469b96d514433785a8d5285b59fc84fa%3A2%3A%7Bi%3A0%3Bs%3A5%3A%22_csrf%22%3Bi%3A1%3Bs%3A32%3A%22eqfN-XzyEzLMpb8JcHPwN34XNkPDbPvI%22%3B%7D'
    'PATH' => 'c:\\openserver\\modules\\php\\PHP-7\\ext;c:\\openserver\\modules\\php\\PHP-7\\pear;c:\\openserver\\modules\\php\\PHP-7\\pear\\bin;c:\\openserver\\modules\\php\\PHP-7;c:\\openserver\\modules\\wget\\bin;c:\\openserver\\modules\\database\\MySQL-5.5\\bin;c:\\openserver\\modules\\http\\Apache-PHP-7\\bin;c:\\openserver\\modules\\http\\Apache-PHP-7;C:\\WINDOWS\\system32;C:\\WINDOWS;C:\\WINDOWS\\system32\\Wbem;C:\\WINDOWS\\SysWOW64;C:\\ProgramData\\Oracle\\Java\\javapath;C:\\Program Files (x86)\\Lenovo\\FusionEngine;C:\\Program Files (x86)\\Intel\\iCLS Client\\;C:\\Program Files\\Intel\\iCLS Client\\;C:\\WINDOWS\\system32;C:\\WINDOWS;C:\\WINDOWS\\System32\\Wbem;C:\\WINDOWS\\System32\\WindowsPowerShell\\v1.0\\;C:\\Program Files\\Intel\\Intel(R) Management Engine Components\\DAL;C:\\Program Files\\Intel\\Intel(R) Management Engine Components\\IPT;C:\\Program Files (x86)\\Intel\\Intel(R) Management Engine Components\\DAL;C:\\Program Files (x86)\\Intel\\Intel(R) Management Engine Components\\IPT;C:\\Program Files (x86)\\Common Files\\lenovo\\easyplussdk\\bin;C:\\OpenServer\\modules\\php\\PHP-7-x64;C:\\ProgramData\\ComposerSetup\\bin;C:\\Program Files (x86)\\Skype\\Phone\\;C:\\Program Files\\Git\\cmd;C:\\Users\\Айнур\\AppData\\Roaming\\Composer\\vendor\\bin;C:\\Program Files\\Git\\bin'
    'SystemRoot' => 'C:\\WINDOWS'
    'COMSPEC' => 'C:\\WINDOWS\\system32\\cmd.exe'
    'PATHEXT' => '.COM;.EXE;.BAT;.CMD;.VBS;.VBE;.JS;.JSE;.WSF;.WSH;.MSC'
    'WINDIR' => 'C:\\WINDOWS'
    'SERVER_SIGNATURE' => ''
    'SERVER_SOFTWARE' => 'Apache'
    'SERVER_NAME' => 'socialnetworkapi'
    'SERVER_ADDR' => '127.0.0.1'
    'SERVER_PORT' => '80'
    'REMOTE_ADDR' => '127.0.0.1'
    'DOCUMENT_ROOT' => 'C:/OpenServer/domains/socialNetworkAPI'
    'REQUEST_SCHEME' => 'http'
    'CONTEXT_PREFIX' => ''
    'CONTEXT_DOCUMENT_ROOT' => 'C:/OpenServer/domains/socialNetworkAPI'
    'SERVER_ADMIN' => '[no address given]'
    'SCRIPT_FILENAME' => 'C:/OpenServer/domains/socialNetworkAPI/web/index.php'
    'REMOTE_PORT' => '10968'
    'GATEWAY_INTERFACE' => 'CGI/1.1'
    'SERVER_PROTOCOL' => 'HTTP/1.1'
    'REQUEST_METHOD' => 'GET'
    'QUERY_STRING' => ''
    'REQUEST_URI' => '/web/'
    'SCRIPT_NAME' => '/web/index.php'
    'PHP_SELF' => '/web/index.php'
    'REQUEST_TIME_FLOAT' => 1494854238.661
    'REQUEST_TIME' => 1494854238
    'argv' => []
    'argc' => 0
]
2017-05-15 16:20:05 [127.0.0.1][-][-][error][Error] Error: Class 'app\controllers\Facebook' not found in C:\OpenServer\domains\socialNetworkAPI\controllers\SiteController.php:64
Stack trace:
#0 [internal function]: app\controllers\SiteController->actionIndex()
#1 C:\OpenServer\domains\socialNetworkAPI\vendor\yiisoft\yii2\base\InlineAction.php(57): call_user_func_array(Array, Array)
#2 C:\OpenServer\domains\socialNetworkAPI\vendor\yiisoft\yii2\base\Controller.php(156): yii\base\InlineAction->runWithParams(Array)
#3 C:\OpenServer\domains\socialNetworkAPI\vendor\yiisoft\yii2\base\Module.php(523): yii\base\Controller->runAction('', Array)
#4 C:\OpenServer\domains\socialNetworkAPI\vendor\yiisoft\yii2\web\Application.php(102): yii\base\Module->runAction('', Array)
#5 C:\OpenServer\domains\socialNetworkAPI\vendor\yiisoft\yii2\base\Application.php(380): yii\web\Application->handleRequest(Object(yii\web\Request))
#6 C:\OpenServer\domains\socialNetworkAPI\web\index.php(12): yii\base\Application->run()
#7 {main}
2017-05-15 16:20:05 [127.0.0.1][-][-][info][application] $_COOKIE = [
    '_csrf' => '0332bd2d112ce438aed2b924f09e165ad469b96d514433785a8d5285b59fc84fa:2:{i:0;s:5:\"_csrf\";i:1;s:32:\"eqfN-XzyEzLMpb8JcHPwN34XNkPDbPvI\";}'
]

$_SERVER = [
    'HTTP_HOST' => 'socialnetworkapi'
    'HTTP_CONNECTION' => 'keep-alive'
    'HTTP_CACHE_CONTROL' => 'max-age=0'
    'HTTP_UPGRADE_INSECURE_REQUESTS' => '1'
    'HTTP_USER_AGENT' => 'Mozilla/5.0 (Windows NT 6.3; Win64; x64) AppleWebKit/537.36 (KHTML, like Gecko) Chrome/57.0.2987.133 Safari/537.36'
    'HTTP_ACCEPT' => 'text/html,application/xhtml+xml,application/xml;q=0.9,image/webp,*/*;q=0.8'
    'HTTP_REFERER' => 'http://socialnetworkapi/'
    'HTTP_ACCEPT_ENCODING' => 'gzip, deflate, sdch'
    'HTTP_ACCEPT_LANGUAGE' => 'ru-RU,ru;q=0.8,en-US;q=0.6,en;q=0.4'
    'HTTP_COOKIE' => '_csrf=0332bd2d112ce438aed2b924f09e165ad469b96d514433785a8d5285b59fc84fa%3A2%3A%7Bi%3A0%3Bs%3A5%3A%22_csrf%22%3Bi%3A1%3Bs%3A32%3A%22eqfN-XzyEzLMpb8JcHPwN34XNkPDbPvI%22%3B%7D'
    'PATH' => 'c:\\openserver\\modules\\php\\PHP-7\\ext;c:\\openserver\\modules\\php\\PHP-7\\pear;c:\\openserver\\modules\\php\\PHP-7\\pear\\bin;c:\\openserver\\modules\\php\\PHP-7;c:\\openserver\\modules\\wget\\bin;c:\\openserver\\modules\\database\\MySQL-5.5\\bin;c:\\openserver\\modules\\http\\Apache-PHP-7\\bin;c:\\openserver\\modules\\http\\Apache-PHP-7;C:\\WINDOWS\\system32;C:\\WINDOWS;C:\\WINDOWS\\system32\\Wbem;C:\\WINDOWS\\SysWOW64;C:\\ProgramData\\Oracle\\Java\\javapath;C:\\Program Files (x86)\\Lenovo\\FusionEngine;C:\\Program Files (x86)\\Intel\\iCLS Client\\;C:\\Program Files\\Intel\\iCLS Client\\;C:\\WINDOWS\\system32;C:\\WINDOWS;C:\\WINDOWS\\System32\\Wbem;C:\\WINDOWS\\System32\\WindowsPowerShell\\v1.0\\;C:\\Program Files\\Intel\\Intel(R) Management Engine Components\\DAL;C:\\Program Files\\Intel\\Intel(R) Management Engine Components\\IPT;C:\\Program Files (x86)\\Intel\\Intel(R) Management Engine Components\\DAL;C:\\Program Files (x86)\\Intel\\Intel(R) Management Engine Components\\IPT;C:\\Program Files (x86)\\Common Files\\lenovo\\easyplussdk\\bin;C:\\OpenServer\\modules\\php\\PHP-7-x64;C:\\ProgramData\\ComposerSetup\\bin;C:\\Program Files (x86)\\Skype\\Phone\\;C:\\Program Files\\Git\\cmd;C:\\Users\\Айнур\\AppData\\Roaming\\Composer\\vendor\\bin;C:\\Program Files\\Git\\bin'
    'SystemRoot' => 'C:\\WINDOWS'
    'COMSPEC' => 'C:\\WINDOWS\\system32\\cmd.exe'
    'PATHEXT' => '.COM;.EXE;.BAT;.CMD;.VBS;.VBE;.JS;.JSE;.WSF;.WSH;.MSC'
    'WINDIR' => 'C:\\WINDOWS'
    'SERVER_SIGNATURE' => ''
    'SERVER_SOFTWARE' => 'Apache'
    'SERVER_NAME' => 'socialnetworkapi'
    'SERVER_ADDR' => '127.0.0.1'
    'SERVER_PORT' => '80'
    'REMOTE_ADDR' => '127.0.0.1'
    'DOCUMENT_ROOT' => 'C:/OpenServer/domains/socialNetworkAPI'
    'REQUEST_SCHEME' => 'http'
    'CONTEXT_PREFIX' => ''
    'CONTEXT_DOCUMENT_ROOT' => 'C:/OpenServer/domains/socialNetworkAPI'
    'SERVER_ADMIN' => '[no address given]'
    'SCRIPT_FILENAME' => 'C:/OpenServer/domains/socialNetworkAPI/web/index.php'
    'REMOTE_PORT' => '10993'
    'GATEWAY_INTERFACE' => 'CGI/1.1'
    'SERVER_PROTOCOL' => 'HTTP/1.1'
    'REQUEST_METHOD' => 'GET'
    'QUERY_STRING' => ''
    'REQUEST_URI' => '/web/'
    'SCRIPT_NAME' => '/web/index.php'
    'PHP_SELF' => '/web/index.php'
    'REQUEST_TIME_FLOAT' => 1494854405.094
    'REQUEST_TIME' => 1494854405
    'argv' => []
    'argc' => 0
]
2017-05-15 16:20:09 [127.0.0.1][-][-][error][Error] Error: Class 'app\controllers\Facebook' not found in C:\OpenServer\domains\socialNetworkAPI\controllers\SiteController.php:64
Stack trace:
#0 [internal function]: app\controllers\SiteController->actionIndex()
#1 C:\OpenServer\domains\socialNetworkAPI\vendor\yiisoft\yii2\base\InlineAction.php(57): call_user_func_array(Array, Array)
#2 C:\OpenServer\domains\socialNetworkAPI\vendor\yiisoft\yii2\base\Controller.php(156): yii\base\InlineAction->runWithParams(Array)
#3 C:\OpenServer\domains\socialNetworkAPI\vendor\yiisoft\yii2\base\Module.php(523): yii\base\Controller->runAction('', Array)
#4 C:\OpenServer\domains\socialNetworkAPI\vendor\yiisoft\yii2\web\Application.php(102): yii\base\Module->runAction('', Array)
#5 C:\OpenServer\domains\socialNetworkAPI\vendor\yiisoft\yii2\base\Application.php(380): yii\web\Application->handleRequest(Object(yii\web\Request))
#6 C:\OpenServer\domains\socialNetworkAPI\web\index.php(12): yii\base\Application->run()
#7 {main}
2017-05-15 16:20:09 [127.0.0.1][-][-][info][application] $_COOKIE = [
    '_csrf' => '0332bd2d112ce438aed2b924f09e165ad469b96d514433785a8d5285b59fc84fa:2:{i:0;s:5:\"_csrf\";i:1;s:32:\"eqfN-XzyEzLMpb8JcHPwN34XNkPDbPvI\";}'
]

$_SERVER = [
    'HTTP_HOST' => 'socialnetworkapi'
    'HTTP_CONNECTION' => 'keep-alive'
    'HTTP_CACHE_CONTROL' => 'max-age=0'
    'HTTP_UPGRADE_INSECURE_REQUESTS' => '1'
    'HTTP_USER_AGENT' => 'Mozilla/5.0 (Windows NT 6.3; Win64; x64) AppleWebKit/537.36 (KHTML, like Gecko) Chrome/57.0.2987.133 Safari/537.36'
    'HTTP_ACCEPT' => 'text/html,application/xhtml+xml,application/xml;q=0.9,image/webp,*/*;q=0.8'
    'HTTP_REFERER' => 'http://socialnetworkapi/'
    'HTTP_ACCEPT_ENCODING' => 'gzip, deflate, sdch'
    'HTTP_ACCEPT_LANGUAGE' => 'ru-RU,ru;q=0.8,en-US;q=0.6,en;q=0.4'
    'HTTP_COOKIE' => '_csrf=0332bd2d112ce438aed2b924f09e165ad469b96d514433785a8d5285b59fc84fa%3A2%3A%7Bi%3A0%3Bs%3A5%3A%22_csrf%22%3Bi%3A1%3Bs%3A32%3A%22eqfN-XzyEzLMpb8JcHPwN34XNkPDbPvI%22%3B%7D'
    'PATH' => 'c:\\openserver\\modules\\php\\PHP-7\\ext;c:\\openserver\\modules\\php\\PHP-7\\pear;c:\\openserver\\modules\\php\\PHP-7\\pear\\bin;c:\\openserver\\modules\\php\\PHP-7;c:\\openserver\\modules\\wget\\bin;c:\\openserver\\modules\\database\\MySQL-5.5\\bin;c:\\openserver\\modules\\http\\Apache-PHP-7\\bin;c:\\openserver\\modules\\http\\Apache-PHP-7;C:\\WINDOWS\\system32;C:\\WINDOWS;C:\\WINDOWS\\system32\\Wbem;C:\\WINDOWS\\SysWOW64;C:\\ProgramData\\Oracle\\Java\\javapath;C:\\Program Files (x86)\\Lenovo\\FusionEngine;C:\\Program Files (x86)\\Intel\\iCLS Client\\;C:\\Program Files\\Intel\\iCLS Client\\;C:\\WINDOWS\\system32;C:\\WINDOWS;C:\\WINDOWS\\System32\\Wbem;C:\\WINDOWS\\System32\\WindowsPowerShell\\v1.0\\;C:\\Program Files\\Intel\\Intel(R) Management Engine Components\\DAL;C:\\Program Files\\Intel\\Intel(R) Management Engine Components\\IPT;C:\\Program Files (x86)\\Intel\\Intel(R) Management Engine Components\\DAL;C:\\Program Files (x86)\\Intel\\Intel(R) Management Engine Components\\IPT;C:\\Program Files (x86)\\Common Files\\lenovo\\easyplussdk\\bin;C:\\OpenServer\\modules\\php\\PHP-7-x64;C:\\ProgramData\\ComposerSetup\\bin;C:\\Program Files (x86)\\Skype\\Phone\\;C:\\Program Files\\Git\\cmd;C:\\Users\\Айнур\\AppData\\Roaming\\Composer\\vendor\\bin;C:\\Program Files\\Git\\bin'
    'SystemRoot' => 'C:\\WINDOWS'
    'COMSPEC' => 'C:\\WINDOWS\\system32\\cmd.exe'
    'PATHEXT' => '.COM;.EXE;.BAT;.CMD;.VBS;.VBE;.JS;.JSE;.WSF;.WSH;.MSC'
    'WINDIR' => 'C:\\WINDOWS'
    'SERVER_SIGNATURE' => ''
    'SERVER_SOFTWARE' => 'Apache'
    'SERVER_NAME' => 'socialnetworkapi'
    'SERVER_ADDR' => '127.0.0.1'
    'SERVER_PORT' => '80'
    'REMOTE_ADDR' => '127.0.0.1'
    'DOCUMENT_ROOT' => 'C:/OpenServer/domains/socialNetworkAPI'
    'REQUEST_SCHEME' => 'http'
    'CONTEXT_PREFIX' => ''
    'CONTEXT_DOCUMENT_ROOT' => 'C:/OpenServer/domains/socialNetworkAPI'
    'SERVER_ADMIN' => '[no address given]'
    'SCRIPT_FILENAME' => 'C:/OpenServer/domains/socialNetworkAPI/web/index.php'
    'REMOTE_PORT' => '10996'
    'GATEWAY_INTERFACE' => 'CGI/1.1'
    'SERVER_PROTOCOL' => 'HTTP/1.1'
    'REQUEST_METHOD' => 'GET'
    'QUERY_STRING' => ''
    'REQUEST_URI' => '/web/'
    'SCRIPT_NAME' => '/web/index.php'
    'PHP_SELF' => '/web/index.php'
    'REQUEST_TIME_FLOAT' => 1494854409.411
    'REQUEST_TIME' => 1494854409
    'argv' => []
    'argc' => 0
]
2017-05-15 16:41:19 [127.0.0.1][-][-][error][yii\base\UnknownMethodException] yii\base\UnknownMethodException: Calling unknown method: app\controllers\SiteController::getPath() in C:\OpenServer\domains\socialNetworkAPI\vendor\yiisoft\yii2\base\Component.php:290
Stack trace:
#0 C:\OpenServer\domains\socialNetworkAPI\controllers\SiteController.php(79): yii\base\Component->__call('getPath', Array)
#1 [internal function]: app\controllers\SiteController->actionIndex()
#2 C:\OpenServer\domains\socialNetworkAPI\vendor\yiisoft\yii2\base\InlineAction.php(57): call_user_func_array(Array, Array)
#3 C:\OpenServer\domains\socialNetworkAPI\vendor\yiisoft\yii2\base\Controller.php(156): yii\base\InlineAction->runWithParams(Array)
#4 C:\OpenServer\domains\socialNetworkAPI\vendor\yiisoft\yii2\base\Module.php(523): yii\base\Controller->runAction('', Array)
#5 C:\OpenServer\domains\socialNetworkAPI\vendor\yiisoft\yii2\web\Application.php(102): yii\base\Module->runAction('', Array)
#6 C:\OpenServer\domains\socialNetworkAPI\vendor\yiisoft\yii2\base\Application.php(380): yii\web\Application->handleRequest(Object(yii\web\Request))
#7 C:\OpenServer\domains\socialNetworkAPI\web\index.php(12): yii\base\Application->run()
#8 {main}
2017-05-15 16:41:19 [127.0.0.1][-][-][info][application] $_COOKIE = [
    '_csrf' => '0332bd2d112ce438aed2b924f09e165ad469b96d514433785a8d5285b59fc84fa:2:{i:0;s:5:\"_csrf\";i:1;s:32:\"eqfN-XzyEzLMpb8JcHPwN34XNkPDbPvI\";}'
]

$_SERVER = [
    'HTTP_HOST' => 'socialnetworkapi'
    'HTTP_CONNECTION' => 'keep-alive'
    'HTTP_CACHE_CONTROL' => 'max-age=0'
    'HTTP_UPGRADE_INSECURE_REQUESTS' => '1'
    'HTTP_USER_AGENT' => 'Mozilla/5.0 (Windows NT 6.3; Win64; x64) AppleWebKit/537.36 (KHTML, like Gecko) Chrome/57.0.2987.133 Safari/537.36'
    'HTTP_ACCEPT' => 'text/html,application/xhtml+xml,application/xml;q=0.9,image/webp,*/*;q=0.8'
    'HTTP_REFERER' => 'http://socialnetworkapi/'
    'HTTP_ACCEPT_ENCODING' => 'gzip, deflate, sdch'
    'HTTP_ACCEPT_LANGUAGE' => 'ru-RU,ru;q=0.8,en-US;q=0.6,en;q=0.4'
    'HTTP_COOKIE' => '_csrf=0332bd2d112ce438aed2b924f09e165ad469b96d514433785a8d5285b59fc84fa%3A2%3A%7Bi%3A0%3Bs%3A5%3A%22_csrf%22%3Bi%3A1%3Bs%3A32%3A%22eqfN-XzyEzLMpb8JcHPwN34XNkPDbPvI%22%3B%7D'
    'PATH' => 'c:\\openserver\\modules\\php\\PHP-7\\ext;c:\\openserver\\modules\\php\\PHP-7\\pear;c:\\openserver\\modules\\php\\PHP-7\\pear\\bin;c:\\openserver\\modules\\php\\PHP-7;c:\\openserver\\modules\\wget\\bin;c:\\openserver\\modules\\database\\MySQL-5.5\\bin;c:\\openserver\\modules\\http\\Apache-PHP-7\\bin;c:\\openserver\\modules\\http\\Apache-PHP-7;C:\\WINDOWS\\system32;C:\\WINDOWS;C:\\WINDOWS\\system32\\Wbem;C:\\WINDOWS\\SysWOW64;C:\\ProgramData\\Oracle\\Java\\javapath;C:\\Program Files (x86)\\Lenovo\\FusionEngine;C:\\Program Files (x86)\\Intel\\iCLS Client\\;C:\\Program Files\\Intel\\iCLS Client\\;C:\\WINDOWS\\system32;C:\\WINDOWS;C:\\WINDOWS\\System32\\Wbem;C:\\WINDOWS\\System32\\WindowsPowerShell\\v1.0\\;C:\\Program Files\\Intel\\Intel(R) Management Engine Components\\DAL;C:\\Program Files\\Intel\\Intel(R) Management Engine Components\\IPT;C:\\Program Files (x86)\\Intel\\Intel(R) Management Engine Components\\DAL;C:\\Program Files (x86)\\Intel\\Intel(R) Management Engine Components\\IPT;C:\\Program Files (x86)\\Common Files\\lenovo\\easyplussdk\\bin;C:\\OpenServer\\modules\\php\\PHP-7-x64;C:\\ProgramData\\ComposerSetup\\bin;C:\\Program Files (x86)\\Skype\\Phone\\;C:\\Program Files\\Git\\cmd;C:\\Users\\Айнур\\AppData\\Roaming\\Composer\\vendor\\bin;C:\\Program Files\\Git\\bin'
    'SystemRoot' => 'C:\\WINDOWS'
    'COMSPEC' => 'C:\\WINDOWS\\system32\\cmd.exe'
    'PATHEXT' => '.COM;.EXE;.BAT;.CMD;.VBS;.VBE;.JS;.JSE;.WSF;.WSH;.MSC'
    'WINDIR' => 'C:\\WINDOWS'
    'SERVER_SIGNATURE' => ''
    'SERVER_SOFTWARE' => 'Apache'
    'SERVER_NAME' => 'socialnetworkapi'
    'SERVER_ADDR' => '127.0.0.1'
    'SERVER_PORT' => '80'
    'REMOTE_ADDR' => '127.0.0.1'
    'DOCUMENT_ROOT' => 'C:/OpenServer/domains/socialNetworkAPI'
    'REQUEST_SCHEME' => 'http'
    'CONTEXT_PREFIX' => ''
    'CONTEXT_DOCUMENT_ROOT' => 'C:/OpenServer/domains/socialNetworkAPI'
    'SERVER_ADMIN' => '[no address given]'
    'SCRIPT_FILENAME' => 'C:/OpenServer/domains/socialNetworkAPI/web/index.php'
    'REMOTE_PORT' => '11421'
    'GATEWAY_INTERFACE' => 'CGI/1.1'
    'SERVER_PROTOCOL' => 'HTTP/1.1'
    'REQUEST_METHOD' => 'GET'
    'QUERY_STRING' => ''
    'REQUEST_URI' => '/web/'
    'SCRIPT_NAME' => '/web/index.php'
    'PHP_SELF' => '/web/index.php'
    'REQUEST_TIME_FLOAT' => 1494855679.028
    'REQUEST_TIME' => 1494855679
    'argv' => []
    'argc' => 0
]
